生成启动时间为 2014/4/22 1:05:26。
     1>项目“C:\Users\LY\Documents\GitHub\CamShake\CamShake\CamShake\CamShake.vcxproj”在节点 2 上(Build 个目标)。
     1>CustomBuild:
         Moc'ing camshake.h...
         Uic'ing camshake.ui...
         Moc'ing camera.h...
         Rcc'ing camshake.qrc...
     1>RCC : warning : No resources in 'C:\Users\LY\Documents\GitHub\CamShake\CamShake\CamShake\camshake.qrc'.
         
       ClCompile:
         C:\Program Files (x86)\Microsoft Visual Studio 11.0\VC\bin\x86_amd64\CL.exe /c /I.\GeneratedFiles /I. /IF:\tools\QT\5.2.1\msvc2012_64_opengl\include /I.\GeneratedFiles\Release /IF:\tools\QT\5.2.1\msvc2012_64_opengl\include\QtCore /IF:\tools\QT\5.2.1\msvc2012_64_opengl\include\QtGui /IF:\tools\QT\5.2.1\msvc2012_64_opengl\include\QtWidgets /nologo /W1 /WX- /O2 /D UNICODE /D WIN32 /D WIN64 /D QT_DLL /D QT_NO_DEBUG /D NDEBUG /D QT_CORE_LIB /D QT_GUI_LIB /D QT_WIDGETS_LIB /Gm- /EHsc /MD /GS /fp:precise /Zc:wchar_t /Zc:forScope /Fo"x64\Release\\" /Fd"x64\Release\vc110.pdb" /Gd /TP /errorReport:prompt camera.cpp camshake.cpp GeneratedFiles\Release\moc_camera.cpp GeneratedFiles\Release\moc_camshake.cpp main.cpp
         camera.cpp
     1>c:\users\ly\documents\github\camshake\camshake\camshake\camera.h(3): fatal error C1083: 无法打开包括文件:“opencv\highgui.h”: No such file or directory
         camshake.cpp
     1>c:\users\ly\documents\github\camshake\camshake\camshake\camera.h(3): fatal error C1083: 无法打开包括文件:“opencv\highgui.h”: No such file or directory
         moc_camera.cpp
     1>c:\users\ly\documents\github\camshake\camshake\camshake\generatedfiles\release\../../camera.h(3): fatal error C1083: 无法打开包括文件:“opencv\highgui.h”: No such file or directory
         moc_camshake.cpp
     1>c:\users\ly\documents\github\camshake\camshake\camshake\camera.h(3): fatal error C1083: 无法打开包括文件:“opencv\highgui.h”: No such file or directory
         main.cpp
     1>c:\users\ly\documents\github\camshake\camshake\camshake\camera.h(3): fatal error C1083: 无法打开包括文件:“opencv\highgui.h”: No such file or directory
         正在生成代码...
     1>已完成生成项目“C:\Users\LY\Documents\GitHub\CamShake\CamShake\CamShake\CamShake.vcxproj”(Build 个目标)的操作 - 失败。

生成失败。

已用时间 00:00:02.57
