生成启动时间为 2014/4/22 18:51:03。
     1>项目“C:\Users\LY\Documents\GitHub\CamShake\CamShake\CamShake\CamShake.vcxproj”在节点 2 上(Build 个目标)。
     1>CustomBuild:
         Uic'ing camshake.ui...
       ClCompile:
         C:\Program Files (x86)\Microsoft Visual Studio 11.0\VC\bin\x86_amd64\CL.exe /c /I.\GeneratedFiles /I. /IF:\tools\QT\5.2.1\msvc2012_64_opengl\include /I.\GeneratedFiles\Debug /IF:\tools\QT\5.2.1\msvc2012_64_opengl\include\QtCore /IF:\tools\QT\5.2.1\msvc2012_64_opengl\include\QtGui /IF:\tools\QT\5.2.1\msvc2012_64_opengl\include\QtWidgets /Zi /nologo /W1 /WX- /Od /D UNICODE /D WIN32 /D WIN64 /D QT_DLL /D QT_CORE_LIB /D QT_GUI_LIB /D QT_WIDGETS_LIB /Gm- /EHsc /MDd /GS /fp:precise /Zc:wchar_t /Zc:forScope /Fo"x64\Debug\\" /Fd"x64\Debug\vc110.pdb" /Gd /TP /errorReport:prompt GeneratedFiles\Debug\moc_camshake.cpp camera.cpp camshake.cpp main.cpp
         moc_camshake.cpp
         camera.cpp
         camshake.cpp
         main.cpp
         正在生成代码...
       Link:
         C:\Program Files (x86)\Microsoft Visual Studio 11.0\VC\bin\x86_amd64\link.exe /ERRORREPORT:PROMPT /OUT:"C:\Users\LY\Documents\GitHub\CamShake\CamShake\x64\Debug\\CamShake.exe" /NOLOGO /LIBPATH:F:\tools\QT\5.2.1\msvc2012_64_opengl\lib qtmaind.lib Qt5Cored.lib Qt5Guid.lib Qt5Widgetsd.lib opencv_core248d.lib opencv_imgproc248d.lib opencv_highgui248d.lib opencv_ml248d.lib opencv_video248d.lib opencv_features2d248d.lib opencv_calib3d248d.lib opencv_objdetect248d.lib opencv_contrib248d.lib opencv_legacy248d.lib opencv_flann248d.lib kernel32.lib user32.lib gdi32.lib winspool.lib comdlg32.lib advapi32.lib shell32.lib ole32.lib oleaut32.lib uuid.lib odbc32.lib odbccp32.lib /MANIFEST /MANIFESTUAC:"level='asInvoker' uiAccess='false'" /manifest:embed /DEBUG /PDB:"C:\Users\LY\Documents\GitHub\CamShake\CamShake\x64\Debug\CamShake.pdb" /SUBSYSTEM:WINDOWS /TLBID:1 /DYNAMICBASE /NXCOMPAT /IMPLIB:"C:\Users\LY\Documents\GitHub\CamShake\CamShake\x64\Debug\CamShake.lib" /MACHINE:X64 x64\Debug\camera.obj
         x64\Debug\camshake.obj
         x64\Debug\moc_camera.obj
         x64\Debug\moc_camshake.obj
         x64\Debug\qrc_camshake.obj
         x64\Debug\main.obj
         CamShake.vcxproj -> C:\Users\LY\Documents\GitHub\CamShake\CamShake\x64\Debug\CamShake.exe
     1>已完成生成项目“C:\Users\LY\Documents\GitHub\CamShake\CamShake\CamShake\CamShake.vcxproj”(Build 个目标)的操作。

生成成功。

已用时间 00:00:11.34
